<?xml version="1.0" encoding="UTF-8"?>
<coverage generated="1716517727788" clover="3.2.0">
  <project timestamp="1716517727788" name="All files">
    <metrics statements="60" coveredstatements="40" conditionals="14" coveredconditionals="6" methods="38" coveredmethods="15" elements="112" coveredelements="61" complexity="0" loc="60" ncloc="60" packages="3" files="11" classes="11"/>
    <package name="src">
      <metrics statements="1" coveredstatements="1" conditionals="0" coveredconditionals="0" methods="1" coveredmethods="1"/>
      <file name="math.js" path="/Users/liang/ProgramFiles/CodeSpace/redux/redux-demo-mosh/src/math.js">
        <metrics statements="1" coveredstatements="1" conditionals="0" coveredconditionals="0" methods="1" coveredmethods="1"/>
        <line num="1" count="2" type="stmt"/>
      </file>
    </package>
    <package name="src.store">
      <metrics statements="41" coveredstatements="22" conditionals="4" coveredconditionals="0" methods="27" coveredmethods="4"/>
      <file name="api.js" path="/Users/liang/ProgramFiles/CodeSpace/redux/redux-demo-mosh/src/store/api.js">
        <metrics statements="3" coveredstatements="3" conditionals="0" coveredconditionals="0" methods="0" coveredmethods="0"/>
        <line num="3" count="1" type="stmt"/>
        <line num="4" count="1" type="stmt"/>
        <line num="5" count="1" type="stmt"/>
      </file>
      <file name="bugs.js" path="/Users/liang/ProgramFiles/CodeSpace/redux/redux-demo-mosh/src/store/bugs.js">
        <metrics statements="27" coveredstatements="11" conditionals="4" coveredconditionals="0" methods="21" coveredmethods="2"/>
        <line num="87" count="1" type="stmt"/>
        <line num="97" count="0" type="stmt"/>
        <line num="100" count="0" type="stmt"/>
        <line num="103" count="0" type="stmt"/>
        <line num="104" count="0" type="stmt"/>
        <line num="105" count="0" type="stmt"/>
        <line num="109" count="0" type="stmt"/>
        <line num="110" count="0" type="stmt"/>
        <line num="111" count="0" type="stmt"/>
        <line num="121" count="1" type="stmt"/>
        <line num="124" count="0" type="stmt"/>
        <line num="129" count="0" type="cond" truecount="0" falsecount="2"/>
        <line num="135" count="1" type="stmt"/>
        <line num="148" count="1" type="stmt"/>
        <line num="150" count="1" type="stmt"/>
        <line num="151" count="0" type="stmt"/>
        <line num="153" count="0" type="stmt"/>
        <line num="154" count="0" type="cond" truecount="0" falsecount="2"/>
        <line num="156" count="0" type="stmt"/>
        <line num="177" count="2" type="stmt"/>
        <line num="184" count="1" type="stmt"/>
        <line num="191" count="1" type="stmt"/>
        <line num="200" count="1" type="stmt"/>
        <line num="202" count="1" type="stmt"/>
        <line num="204" count="0" type="stmt"/>
        <line num="207" count="1" type="stmt"/>
        <line num="209" count="0" type="stmt"/>
      </file>
      <file name="configureStore.js" path="/Users/liang/ProgramFiles/CodeSpace/redux/redux-demo-mosh/src/store/configureStore.js">
        <metrics statements="2" coveredstatements="2" conditionals="0" coveredconditionals="0" methods="2" coveredmethods="2"/>
        <line num="13" count="2" type="stmt"/>
        <line num="17" count="2" type="stmt"/>
      </file>
      <file name="entities.js" path="/Users/liang/ProgramFiles/CodeSpace/redux/redux-demo-mosh/src/store/entities.js">
        <metrics statements="0" coveredstatements="0" conditionals="0" coveredconditionals="0" methods="0" coveredmethods="0"/>
      </file>
      <file name="projects.js" path="/Users/liang/ProgramFiles/CodeSpace/redux/redux-demo-mosh/src/store/projects.js">
        <metrics statements="5" coveredstatements="3" conditionals="0" coveredconditionals="0" methods="3" coveredmethods="0"/>
        <line num="3" count="1" type="stmt"/>
        <line num="5" count="1" type="stmt"/>
        <line num="10" count="0" type="stmt"/>
        <line num="16" count="0" type="stmt"/>
        <line num="21" count="1" type="stmt"/>
      </file>
      <file name="reducer.js" path="/Users/liang/ProgramFiles/CodeSpace/redux/redux-demo-mosh/src/store/reducer.js">
        <metrics statements="0" coveredstatements="0" conditionals="0" coveredconditionals="0" methods="0" coveredmethods="0"/>
      </file>
      <file name="users.js" path="/Users/liang/ProgramFiles/CodeSpace/redux/redux-demo-mosh/src/store/users.js">
        <metrics statements="4" coveredstatements="3" conditionals="0" coveredconditionals="0" methods="1" coveredmethods="0"/>
        <line num="3" count="1" type="stmt"/>
        <line num="5" count="1" type="stmt"/>
        <line num="10" count="0" type="stmt"/>
        <line num="18" count="1" type="stmt"/>
      </file>
    </package>
    <package name="src.store.middleware">
      <metrics statements="18" coveredstatements="17" conditionals="10" coveredconditionals="6" methods="10" coveredmethods="10"/>
      <file name="api.js" path="/Users/liang/ProgramFiles/CodeSpace/redux/redux-demo-mosh/src/store/middleware/api.js">
        <metrics statements="11" coveredstatements="11" conditionals="8" coveredconditionals="5" methods="3" coveredmethods="3"/>
        <line num="4" count="2" type="stmt"/>
        <line num="5" count="5" type="cond" truecount="2" falsecount="0"/>
        <line num="6" count="2" type="stmt"/>
        <line num="7" count="2" type="cond" truecount="1" falsecount="1"/>
        <line num="8" count="2" type="stmt"/>
        <line num="9" count="2" type="stmt"/>
        <line num="10" count="2" type="stmt"/>
        <line num="17" count="1" type="stmt"/>
        <line num="19" count="1" type="cond" truecount="1" falsecount="1"/>
        <line num="22" count="1" type="stmt"/>
        <line num="24" count="1" type="cond" truecount="1" falsecount="1"/>
      </file>
      <file name="logger.js" path="/Users/liang/ProgramFiles/CodeSpace/redux/redux-demo-mosh/src/store/middleware/logger.js">
        <metrics statements="3" coveredstatements="3" conditionals="0" coveredconditionals="0" methods="4" coveredmethods="4"/>
        <line num="3" count="2" type="stmt"/>
        <line num="7" count="5" type="stmt"/>
        <line num="8" count="5" type="stmt"/>
      </file>
      <file name="toast.js" path="/Users/liang/ProgramFiles/CodeSpace/redux/redux-demo-mosh/src/store/middleware/toast.js">
        <metrics statements="4" coveredstatements="3" conditionals="2" coveredconditionals="1" methods="3" coveredmethods="3"/>
        <line num="1" count="2" type="stmt"/>
        <line num="2" count="5" type="cond" truecount="1" falsecount="1"/>
        <line num="3" count="0" type="stmt"/>
        <line num="5" count="5" type="stmt"/>
      </file>
    </package>
  </project>
</coverage>
