{"/Users/liang/ProgramFiles/CodeSpace/redux/redux-demo-mosh/src/math.js": {"path":"/Users/liang/ProgramFiles/CodeSpace/redux/redux-demo-mosh/src/math.js","statementMap":{"0":{"start":{"line":1,"column":22},"end":{"line":1,"column":40}},"1":{"start":{"line":1,"column":29},"end":{"line":1,"column":40}}},"fnMap":{"0":{"name":"(anonymous_0)","decl":{"start":{"line":1,"column":22},"end":{"line":1,"column":23}},"loc":{"start":{"line":1,"column":29},"end":{"line":1,"column":40}},"line":1}},"branchMap":{},"s":{"0":1,"1":2},"f":{"0":2},"b":{},"_coverageSchema":"1a1c01bbd47fc00a2c39e90264f33305004495a9","hash":"c1d90df6cadc2af8f695263768581da1b774f2b7"}
,"/Users/liang/ProgramFiles/CodeSpace/redux/redux-demo-mosh/src/store/api.js": {"path":"/Users/liang/ProgramFiles/CodeSpace/redux/redux-demo-mosh/src/store/api.js","statementMap":{"0":{"start":{"line":3,"column":28},"end":{"line":3,"column":57}},"1":{"start":{"line":4,"column":30},"end":{"line":4,"column":61}},"2":{"start":{"line":5,"column":29},"end":{"line":5,"column":59}}},"fnMap":{},"branchMap":{},"s":{"0":1,"1":1,"2":1},"f":{},"b":{},"_coverageSchema":"1a1c01bbd47fc00a2c39e90264f33305004495a9","hash":"8e914885f54e3f1041bb097f5f8fb51c2d43448e"}
,"/Users/liang/ProgramFiles/CodeSpace/redux/redux-demo-mosh/src/store/bugs.js": {"path":"/Users/liang/ProgramFiles/CodeSpace/redux/redux-demo-mosh/src/store/bugs.js","statementMap":{"0":{"start":{"line":87,"column":14},"end":{"line":132,"column":2}},"1":{"start":{"line":97,"column":12},"end":{"line":97,"column":33}},"2":{"start":{"line":100,"column":12},"end":{"line":100,"column":34}},"3":{"start":{"line":103,"column":12},"end":{"line":103,"column":40}},"4":{"start":{"line":104,"column":12},"end":{"line":104,"column":34}},"5":{"start":{"line":105,"column":12},"end":{"line":105,"column":41}},"6":{"start":{"line":109,"column":42},"end":{"line":109,"column":56}},"7":{"start":{"line":110,"column":26},"end":{"line":110,"column":71}},"8":{"start":{"line":110,"column":54},"end":{"line":110,"column":70}},"9":{"start":{"line":111,"column":12},"end":{"line":111,"column":46}},"10":{"start":{"line":121,"column":12},"end":{"line":121,"column":44}},"11":{"start":{"line":124,"column":12},"end":{"line":124,"column":73}},"12":{"start":{"line":124,"column":44},"end":{"line":124,"column":72}},"13":{"start":{"line":129,"column":12},"end":{"line":129,"column":103}},"14":{"start":{"line":129,"column":41},"end":{"line":129,"column":102}},"15":{"start":{"line":135,"column":120},"end":{"line":135,"column":133}},"16":{"start":{"line":148,"column":12},"end":{"line":148,"column":19}},"17":{"start":{"line":150,"column":24},"end":{"line":164,"column":1}},"18":{"start":{"line":150,"column":30},"end":{"line":164,"column":1}},"19":{"start":{"line":151,"column":26},"end":{"line":151,"column":50}},"20":{"start":{"line":153,"column":26},"end":{"line":153,"column":78}},"21":{"start":{"line":154,"column":4},"end":{"line":154,"column":34}},"22":{"start":{"line":154,"column":27},"end":{"line":154,"column":34}},"23":{"start":{"line":156,"column":4},"end":{"line":163,"column":5}},"24":{"start":{"line":177,"column":22},"end":{"line":182,"column":2}},"25":{"start":{"line":177,"column":29},"end":{"line":182,"column":2}},"26":{"start":{"line":184,"column":26},"end":{"line":189,"column":2}},"27":{"start":{"line":184,"column":32},"end":{"line":189,"column":2}},"28":{"start":{"line":191,"column":31},"end":{"line":196,"column":2}},"29":{"start":{"line":191,"column":50},"end":{"line":196,"column":2}},"30":{"start":{"line":200,"column":16},"end":{"line":200,"column":44}},"31":{"start":{"line":200,"column":25},"end":{"line":200,"column":44}},"32":{"start":{"line":202,"column":33},"end":{"line":205,"column":1}},"33":{"start":{"line":204,"column":10},"end":{"line":204,"column":43}},"34":{"start":{"line":204,"column":29},"end":{"line":204,"column":42}},"35":{"start":{"line":207,"column":29},"end":{"line":210,"column":1}},"36":{"start":{"line":207,"column":39},"end":{"line":210,"column":1}},"37":{"start":{"line":209,"column":10},"end":{"line":209,"column":51}},"38":{"start":{"line":209,"column":29},"end":{"line":209,"column":50}}},"fnMap":{"0":{"name":"(anonymous_0)","decl":{"start":{"line":96,"column":23},"end":{"line":96,"column":24}},"loc":{"start":{"line":96,"column":42},"end":{"line":98,"column":9}},"line":96},"1":{"name":"(anonymous_1)","decl":{"start":{"line":99,"column":27},"end":{"line":99,"column":28}},"loc":{"start":{"line":99,"column":46},"end":{"line":101,"column":9}},"line":99},"2":{"name":"(anonymous_2)","decl":{"start":{"line":102,"column":22},"end":{"line":102,"column":23}},"loc":{"start":{"line":102,"column":41},"end":{"line":106,"column":9}},"line":102},"3":{"name":"(anonymous_3)","decl":{"start":{"line":108,"column":27},"end":{"line":108,"column":28}},"loc":{"start":{"line":108,"column":46},"end":{"line":112,"column":9}},"line":108},"4":{"name":"(anonymous_4)","decl":{"start":{"line":110,"column":47},"end":{"line":110,"column":48}},"loc":{"start":{"line":110,"column":54},"end":{"line":110,"column":70}},"line":110},"5":{"name":"(anonymous_5)","decl":{"start":{"line":115,"column":18},"end":{"line":115,"column":19}},"loc":{"start":{"line":115,"column":37},"end":{"line":122,"column":9}},"line":115},"6":{"name":"(anonymous_6)","decl":{"start":{"line":123,"column":20},"end":{"line":123,"column":21}},"loc":{"start":{"line":123,"column":39},"end":{"line":125,"column":9}},"line":123},"7":{"name":"(anonymous_7)","decl":{"start":{"line":124,"column":37},"end":{"line":124,"column":38}},"loc":{"start":{"line":124,"column":44},"end":{"line":124,"column":72}},"line":124},"8":{"name":"(anonymous_8)","decl":{"start":{"line":128,"column":21},"end":{"line":128,"column":22}},"loc":{"start":{"line":128,"column":40},"end":{"line":130,"column":9}},"line":128},"9":{"name":"(anonymous_9)","decl":{"start":{"line":129,"column":34},"end":{"line":129,"column":35}},"loc":{"start":{"line":129,"column":41},"end":{"line":129,"column":102}},"line":129},"10":{"name":"(anonymous_10)","decl":{"start":{"line":150,"column":24},"end":{"line":150,"column":25}},"loc":{"start":{"line":150,"column":30},"end":{"line":164,"column":1}},"line":150},"11":{"name":"(anonymous_11)","decl":{"start":{"line":150,"column":30},"end":{"line":150,"column":31}},"loc":{"start":{"line":150,"column":54},"end":{"line":164,"column":1}},"line":150},"12":{"name":"(anonymous_12)","decl":{"start":{"line":177,"column":22},"end":{"line":177,"column":23}},"loc":{"start":{"line":177,"column":29},"end":{"line":182,"column":2}},"line":177},"13":{"name":"(anonymous_13)","decl":{"start":{"line":184,"column":26},"end":{"line":184,"column":27}},"loc":{"start":{"line":184,"column":32},"end":{"line":189,"column":2}},"line":184},"14":{"name":"(anonymous_14)","decl":{"start":{"line":191,"column":31},"end":{"line":191,"column":32}},"loc":{"start":{"line":191,"column":50},"end":{"line":196,"column":2}},"line":191},"15":{"name":"(anonymous_15)","decl":{"start":{"line":200,"column":16},"end":{"line":200,"column":17}},"loc":{"start":{"line":200,"column":25},"end":{"line":200,"column":44}},"line":200},"16":{"name":"(anonymous_16)","decl":{"start":{"line":204,"column":2},"end":{"line":204,"column":3}},"loc":{"start":{"line":204,"column":10},"end":{"line":204,"column":43}},"line":204},"17":{"name":"(anonymous_17)","decl":{"start":{"line":204,"column":22},"end":{"line":204,"column":23}},"loc":{"start":{"line":204,"column":29},"end":{"line":204,"column":42}},"line":204},"18":{"name":"(anonymous_18)","decl":{"start":{"line":207,"column":29},"end":{"line":207,"column":30}},"loc":{"start":{"line":207,"column":39},"end":{"line":210,"column":1}},"line":207},"19":{"name":"(anonymous_19)","decl":{"start":{"line":209,"column":2},"end":{"line":209,"column":3}},"loc":{"start":{"line":209,"column":10},"end":{"line":209,"column":51}},"line":209},"20":{"name":"(anonymous_20)","decl":{"start":{"line":209,"column":22},"end":{"line":209,"column":23}},"loc":{"start":{"line":209,"column":29},"end":{"line":209,"column":50}},"line":209}},"branchMap":{"0":{"loc":{"start":{"line":129,"column":41},"end":{"line":129,"column":102}},"type":"cond-expr","locations":[{"start":{"line":129,"column":72},"end":{"line":129,"column":75}},{"start":{"line":129,"column":78},"end":{"line":129,"column":102}}],"line":129},"1":{"loc":{"start":{"line":154,"column":4},"end":{"line":154,"column":34}},"type":"if","locations":[{"start":{"line":154,"column":4},"end":{"line":154,"column":34}},{"start":{},"end":{}}],"line":154}},"s":{"0":1,"1":0,"2":0,"3":0,"4":0,"5":0,"6":0,"7":0,"8":0,"9":0,"10":1,"11":0,"12":0,"13":0,"14":0,"15":1,"16":1,"17":1,"18":0,"19":0,"20":0,"21":0,"22":0,"23":0,"24":1,"25":2,"26":1,"27":0,"28":1,"29":0,"30":1,"31":0,"32":1,"33":0,"34":0,"35":1,"36":0,"37":0,"38":0},"f":{"0":0,"1":0,"2":0,"3":0,"4":0,"5":1,"6":0,"7":0,"8":0,"9":0,"10":0,"11":0,"12":2,"13":0,"14":0,"15":0,"16":0,"17":0,"18":0,"19":0,"20":0},"b":{"0":[0,0],"1":[0,0]},"_coverageSchema":"1a1c01bbd47fc00a2c39e90264f33305004495a9","hash":"fdca7d42e0f54f65d9cfb05e33438796da64fce7"}
,"/Users/liang/ProgramFiles/CodeSpace/redux/redux-demo-mosh/src/store/configureStore.js": {"path":"/Users/liang/ProgramFiles/CodeSpace/redux/redux-demo-mosh/src/store/configureStore.js","statementMap":{"0":{"start":{"line":13,"column":4},"end":{"line":18,"column":7}},"1":{"start":{"line":17,"column":46},"end":{"line":17,"column":121}}},"fnMap":{"0":{"name":"configureAppStore","decl":{"start":{"line":12,"column":24},"end":{"line":12,"column":41}},"loc":{"start":{"line":12,"column":43},"end":{"line":19,"column":1}},"line":12},"1":{"name":"(anonymous_1)","decl":{"start":{"line":17,"column":20},"end":{"line":17,"column":21}},"loc":{"start":{"line":17,"column":46},"end":{"line":17,"column":121}},"line":17}},"branchMap":{},"s":{"0":2,"1":2},"f":{"0":2,"1":2},"b":{},"_coverageSchema":"1a1c01bbd47fc00a2c39e90264f33305004495a9","hash":"28a345c917808329061f6531c7a4d63602854383"}
,"/Users/liang/ProgramFiles/CodeSpace/redux/redux-demo-mosh/src/store/entities.js": {"path":"/Users/liang/ProgramFiles/CodeSpace/redux/redux-demo-mosh/src/store/entities.js","statementMap":{},"fnMap":{},"branchMap":{},"s":{},"f":{},"b":{},"_coverageSchema":"1a1c01bbd47fc00a2c39e90264f33305004495a9","hash":"dffcc588ef4b701f2e7d8cbb96e09f6040b0392a"}
,"/Users/liang/ProgramFiles/CodeSpace/redux/redux-demo-mosh/src/store/projects.js": {"path":"/Users/liang/ProgramFiles/CodeSpace/redux/redux-demo-mosh/src/store/projects.js","statementMap":{"0":{"start":{"line":3,"column":13},"end":{"line":3,"column":14}},"1":{"start":{"line":5,"column":14},"end":{"line":19,"column":2}},"2":{"start":{"line":10,"column":12},"end":{"line":13,"column":14}},"3":{"start":{"line":16,"column":12},"end":{"line":16,"column":76}},"4":{"start":{"line":16,"column":43},"end":{"line":16,"column":75}},"5":{"start":{"line":21,"column":48},"end":{"line":21,"column":61}}},"fnMap":{"0":{"name":"(anonymous_0)","decl":{"start":{"line":9,"column":22},"end":{"line":9,"column":23}},"loc":{"start":{"line":9,"column":41},"end":{"line":14,"column":9}},"line":9},"1":{"name":"(anonymous_1)","decl":{"start":{"line":15,"column":24},"end":{"line":15,"column":25}},"loc":{"start":{"line":15,"column":43},"end":{"line":17,"column":9}},"line":15},"2":{"name":"(anonymous_2)","decl":{"start":{"line":16,"column":32},"end":{"line":16,"column":33}},"loc":{"start":{"line":16,"column":43},"end":{"line":16,"column":75}},"line":16}},"branchMap":{},"s":{"0":1,"1":1,"2":0,"3":0,"4":0,"5":1},"f":{"0":0,"1":0,"2":0},"b":{},"_coverageSchema":"1a1c01bbd47fc00a2c39e90264f33305004495a9","hash":"8119f5bfec95fa899447bfff39a7c2b60f2f20e2"}
,"/Users/liang/ProgramFiles/CodeSpace/redux/redux-demo-mosh/src/store/reducer.js": {"path":"/Users/liang/ProgramFiles/CodeSpace/redux/redux-demo-mosh/src/store/reducer.js","statementMap":{},"fnMap":{},"branchMap":{},"s":{},"f":{},"b":{},"_coverageSchema":"1a1c01bbd47fc00a2c39e90264f33305004495a9","hash":"7f4378cd5082b2982d43accd84317a878fe69d6b"}
,"/Users/liang/ProgramFiles/CodeSpace/redux/redux-demo-mosh/src/store/users.js": {"path":"/Users/liang/ProgramFiles/CodeSpace/redux/redux-demo-mosh/src/store/users.js","statementMap":{"0":{"start":{"line":3,"column":13},"end":{"line":3,"column":14}},"1":{"start":{"line":5,"column":14},"end":{"line":16,"column":2}},"2":{"start":{"line":10,"column":12},"end":{"line":13,"column":14}},"3":{"start":{"line":18,"column":29},"end":{"line":18,"column":42}}},"fnMap":{"0":{"name":"(anonymous_0)","decl":{"start":{"line":9,"column":19},"end":{"line":9,"column":20}},"loc":{"start":{"line":9,"column":38},"end":{"line":14,"column":9}},"line":9}},"branchMap":{},"s":{"0":1,"1":1,"2":0,"3":1},"f":{"0":0},"b":{},"_coverageSchema":"1a1c01bbd47fc00a2c39e90264f33305004495a9","hash":"ebab993205f9de3d5dab4f90297c09b46fd884ac"}
,"/Users/liang/ProgramFiles/CodeSpace/redux/redux-demo-mosh/src/store/middleware/api.js": {"path":"/Users/liang/ProgramFiles/CodeSpace/redux/redux-demo-mosh/src/store/middleware/api.js","statementMap":{"0":{"start":{"line":4,"column":12},"end":{"line":26,"column":1}},"1":{"start":{"line":4,"column":28},"end":{"line":26,"column":1}},"2":{"start":{"line":4,"column":36},"end":{"line":26,"column":1}},"3":{"start":{"line":5,"column":4},"end":{"line":5,"column":71}},"4":{"start":{"line":5,"column":51},"end":{"line":5,"column":71}},"5":{"start":{"line":6,"column":61},"end":{"line":6,"column":75}},"6":{"start":{"line":7,"column":4},"end":{"line":7,"column":42}},"7":{"start":{"line":7,"column":16},"end":{"line":7,"column":42}},"8":{"start":{"line":8,"column":4},"end":{"line":8,"column":16}},"9":{"start":{"line":9,"column":4},"end":{"line":25,"column":5}},"10":{"start":{"line":10,"column":25},"end":{"line":15,"column":10}},"11":{"start":{"line":17,"column":8},"end":{"line":17,"column":56}},"12":{"start":{"line":19,"column":8},"end":{"line":19,"column":74}},"13":{"start":{"line":19,"column":22},"end":{"line":19,"column":74}},"14":{"start":{"line":22,"column":8},"end":{"line":22,"column":55}},"15":{"start":{"line":24,"column":8},"end":{"line":24,"column":70}},"16":{"start":{"line":24,"column":20},"end":{"line":24,"column":70}}},"fnMap":{"0":{"name":"(anonymous_0)","decl":{"start":{"line":4,"column":12},"end":{"line":4,"column":13}},"loc":{"start":{"line":4,"column":28},"end":{"line":26,"column":1}},"line":4},"1":{"name":"(anonymous_1)","decl":{"start":{"line":4,"column":28},"end":{"line":4,"column":29}},"loc":{"start":{"line":4,"column":36},"end":{"line":26,"column":1}},"line":4},"2":{"name":"(anonymous_2)","decl":{"start":{"line":4,"column":36},"end":{"line":4,"column":37}},"loc":{"start":{"line":4,"column":52},"end":{"line":26,"column":1}},"line":4}},"branchMap":{"0":{"loc":{"start":{"line":5,"column":4},"end":{"line":5,"column":71}},"type":"if","locations":[{"start":{"line":5,"column":4},"end":{"line":5,"column":71}},{"start":{},"end":{}}],"line":5},"1":{"loc":{"start":{"line":7,"column":4},"end":{"line":7,"column":42}},"type":"if","locations":[{"start":{"line":7,"column":4},"end":{"line":7,"column":42}},{"start":{},"end":{}}],"line":7},"2":{"loc":{"start":{"line":19,"column":8},"end":{"line":19,"column":74}},"type":"if","locations":[{"start":{"line":19,"column":8},"end":{"line":19,"column":74}},{"start":{},"end":{}}],"line":19},"3":{"loc":{"start":{"line":24,"column":8},"end":{"line":24,"column":70}},"type":"if","locations":[{"start":{"line":24,"column":8},"end":{"line":24,"column":70}},{"start":{},"end":{}}],"line":24}},"s":{"0":1,"1":2,"2":2,"3":5,"4":3,"5":2,"6":2,"7":0,"8":2,"9":2,"10":2,"11":1,"12":1,"13":1,"14":1,"15":1,"16":0},"f":{"0":2,"1":2,"2":5},"b":{"0":[3,2],"1":[0,2],"2":[1,0],"3":[0,1]},"_coverageSchema":"1a1c01bbd47fc00a2c39e90264f33305004495a9","hash":"4c405913102e81301d41a2df56a26ce23d2d1fe1"}
,"/Users/liang/ProgramFiles/CodeSpace/redux/redux-demo-mosh/src/store/middleware/logger.js": {"path":"/Users/liang/ProgramFiles/CodeSpace/redux/redux-demo-mosh/src/store/middleware/logger.js","statementMap":{"0":{"start":{"line":3,"column":15},"end":{"line":9,"column":1}},"1":{"start":{"line":3,"column":24},"end":{"line":9,"column":1}},"2":{"start":{"line":3,"column":33},"end":{"line":9,"column":1}},"3":{"start":{"line":3,"column":41},"end":{"line":9,"column":1}},"4":{"start":{"line":7,"column":4},"end":{"line":7,"column":36}},"5":{"start":{"line":8,"column":4},"end":{"line":8,"column":24}}},"fnMap":{"0":{"name":"(anonymous_0)","decl":{"start":{"line":3,"column":15},"end":{"line":3,"column":16}},"loc":{"start":{"line":3,"column":24},"end":{"line":9,"column":1}},"line":3},"1":{"name":"(anonymous_1)","decl":{"start":{"line":3,"column":24},"end":{"line":3,"column":25}},"loc":{"start":{"line":3,"column":33},"end":{"line":9,"column":1}},"line":3},"2":{"name":"(anonymous_2)","decl":{"start":{"line":3,"column":33},"end":{"line":3,"column":34}},"loc":{"start":{"line":3,"column":41},"end":{"line":9,"column":1}},"line":3},"3":{"name":"(anonymous_3)","decl":{"start":{"line":3,"column":41},"end":{"line":3,"column":42}},"loc":{"start":{"line":3,"column":51},"end":{"line":9,"column":1}},"line":3}},"branchMap":{},"s":{"0":1,"1":2,"2":2,"3":2,"4":5,"5":5},"f":{"0":2,"1":2,"2":2,"3":5},"b":{},"_coverageSchema":"1a1c01bbd47fc00a2c39e90264f33305004495a9","hash":"ae3605b13c51212665224281f650c0edea64a218"}
,"/Users/liang/ProgramFiles/CodeSpace/redux/redux-demo-mosh/src/store/middleware/toast.js": {"path":"/Users/liang/ProgramFiles/CodeSpace/redux/redux-demo-mosh/src/store/middleware/toast.js","statementMap":{"0":{"start":{"line":1,"column":14},"end":{"line":7,"column":1}},"1":{"start":{"line":1,"column":23},"end":{"line":7,"column":1}},"2":{"start":{"line":1,"column":31},"end":{"line":7,"column":1}},"3":{"start":{"line":2,"column":4},"end":{"line":6,"column":5}},"4":{"start":{"line":3,"column":8},"end":{"line":3,"column":57}},"5":{"start":{"line":5,"column":8},"end":{"line":5,"column":28}}},"fnMap":{"0":{"name":"(anonymous_0)","decl":{"start":{"line":1,"column":14},"end":{"line":1,"column":15}},"loc":{"start":{"line":1,"column":23},"end":{"line":7,"column":1}},"line":1},"1":{"name":"(anonymous_1)","decl":{"start":{"line":1,"column":23},"end":{"line":1,"column":24}},"loc":{"start":{"line":1,"column":31},"end":{"line":7,"column":1}},"line":1},"2":{"name":"(anonymous_2)","decl":{"start":{"line":1,"column":31},"end":{"line":1,"column":32}},"loc":{"start":{"line":1,"column":41},"end":{"line":7,"column":1}},"line":1}},"branchMap":{"0":{"loc":{"start":{"line":2,"column":4},"end":{"line":6,"column":5}},"type":"if","locations":[{"start":{"line":2,"column":4},"end":{"line":6,"column":5}},{"start":{"line":4,"column":11},"end":{"line":6,"column":5}}],"line":2}},"s":{"0":1,"1":2,"2":2,"3":5,"4":0,"5":5},"f":{"0":2,"1":2,"2":5},"b":{"0":[0,5]},"_coverageSchema":"1a1c01bbd47fc00a2c39e90264f33305004495a9","hash":"23f964b354fbaa0147832ac1d28e85aa2a24a385"}
}
