TN:
SF:src/math.js
FN:1,(anonymous_0)
FNF:1
FNH:1
FNDA:2,(anonymous_0)
DA:1,2
LF:1
LH:1
BRF:0
BRH:0
end_of_record
TN:
SF:src/store/api.js
FNF:0
FNH:0
DA:3,1
DA:4,1
DA:5,1
LF:3
LH:3
BRF:0
BRH:0
end_of_record
TN:
SF:src/store/bugs.js
FN:96,(anonymous_0)
FN:99,(anonymous_1)
FN:102,(anonymous_2)
FN:108,(anonymous_3)
FN:110,(anonymous_4)
FN:115,(anonymous_5)
FN:123,(anonymous_6)
FN:125,(anonymous_7)
FN:132,(anonymous_8)
FN:134,(anonymous_9)
FN:158,(anonymous_10)
FN:158,(anonymous_11)
FN:185,(anonymous_12)
FN:192,(anonymous_13)
FN:199,(anonymous_14)
FN:208,(anonymous_15)
FN:212,(anonymous_16)
FN:212,(anonymous_17)
FN:215,(anonymous_18)
FN:217,(anonymous_19)
FN:217,(anonymous_20)
FNF:21
FNH:13
FNDA:5,(anonymous_0)
FNDA:1,(anonymous_1)
FNDA:4,(anonymous_2)
FNDA:0,(anonymous_3)
FNDA:0,(anonymous_4)
FNDA:2,(anonymous_5)
FNDA:0,(anonymous_6)
FNDA:0,(anonymous_7)
FNDA:1,(anonymous_8)
FNDA:1,(anonymous_9)
FNDA:7,(anonymous_10)
FNDA:7,(anonymous_11)
FNDA:3,(anonymous_12)
FNDA:1,(anonymous_13)
FNDA:0,(anonymous_14)
FNDA:2,(anonymous_15)
FNDA:1,(anonymous_16)
FNDA:3,(anonymous_17)
FNDA:0,(anonymous_18)
FNDA:0,(anonymous_19)
FNDA:0,(anonymous_20)
DA:87,1
DA:97,5
DA:100,1
DA:103,4
DA:104,4
DA:105,4
DA:109,0
DA:110,0
DA:111,0
DA:121,2
DA:125,0
DA:126,0
DA:127,0
DA:134,1
DA:135,1
DA:136,1
DA:143,1
DA:156,1
DA:158,7
DA:159,7
DA:161,7
DA:162,7
DA:164,5
DA:185,3
DA:192,1
DA:199,1
DA:208,2
DA:210,1
DA:212,3
DA:215,1
DA:217,0
LF:31
LH:24
BRDA:126,0,0,0
BRDA:126,0,1,0
BRDA:135,1,0,1
BRDA:135,1,1,0
BRDA:162,2,0,2
BRDA:162,2,1,5
BRF:6
BRH:3
end_of_record
TN:
SF:src/store/configureStore.js
FN:12,configureAppStore
FN:17,(anonymous_1)
FNF:2
FNH:2
FNDA:9,configureAppStore
FNDA:9,(anonymous_1)
DA:13,9
DA:17,9
LF:2
LH:2
BRF:0
BRH:0
end_of_record
TN:
SF:src/store/entities.js
FNF:0
FNH:0
LF:0
LH:0
BRF:0
BRH:0
end_of_record
TN:
SF:src/store/projects.js
FN:9,(anonymous_0)
FN:15,(anonymous_1)
FN:16,(anonymous_2)
FNF:3
FNH:0
FNDA:0,(anonymous_0)
FNDA:0,(anonymous_1)
FNDA:0,(anonymous_2)
DA:3,1
DA:5,1
DA:10,0
DA:16,0
DA:21,1
LF:5
LH:3
BRF:0
BRH:0
end_of_record
TN:
SF:src/store/reducer.js
FNF:0
FNH:0
LF:0
LH:0
BRF:0
BRH:0
end_of_record
TN:
SF:src/store/users.js
FN:9,(anonymous_0)
FNF:1
FNH:0
FNDA:0,(anonymous_0)
DA:3,1
DA:5,1
DA:10,0
DA:18,1
LF:4
LH:3
BRF:0
BRH:0
end_of_record
TN:
SF:src/store/middleware/api.js
FN:4,(anonymous_0)
FN:4,(anonymous_1)
FN:4,(anonymous_2)
FNF:3
FNH:3
FNDA:9,(anonymous_0)
FNDA:9,(anonymous_1)
FNDA:31,(anonymous_2)
DA:4,9
DA:5,31
DA:6,9
DA:7,9
DA:8,9
DA:9,9
DA:10,9
DA:17,7
DA:19,7
DA:22,2
DA:24,2
LF:11
LH:11
BRDA:5,0,0,22
BRDA:5,0,1,9
BRDA:7,1,0,5
BRDA:7,1,1,4
BRDA:19,2,0,7
BRDA:19,2,1,0
BRDA:24,3,0,1
BRDA:24,3,1,1
BRF:8
BRH:7
end_of_record
TN:
SF:src/store/middleware/logger.js
FN:3,(anonymous_0)
FN:3,(anonymous_1)
FN:3,(anonymous_2)
FN:3,(anonymous_3)
FNF:4
FNH:0
FNDA:0,(anonymous_0)
FNDA:0,(anonymous_1)
FNDA:0,(anonymous_2)
FNDA:0,(anonymous_3)
DA:3,1
DA:7,0
DA:8,0
LF:3
LH:1
BRF:0
BRH:0
end_of_record
TN:
SF:src/store/middleware/toast.js
FN:1,(anonymous_0)
FN:1,(anonymous_1)
FN:1,(anonymous_2)
FNF:3
FNH:3
FNDA:9,(anonymous_0)
FNDA:9,(anonymous_1)
FNDA:31,(anonymous_2)
DA:1,9
DA:2,31
DA:3,0
DA:5,31
LF:4
LH:3
BRDA:2,0,0,0
BRDA:2,0,1,31
BRF:2
BRH:1
end_of_record
