TN:
SF:src/math.js
FN:1,(anonymous_0)
FNF:1
FNH:1
FNDA:2,(anonymous_0)
DA:1,2
LF:1
LH:1
BRF:0
BRH:0
end_of_record
TN:
SF:src/store/api.js
FNF:0
FNH:0
DA:3,1
DA:4,1
DA:5,1
LF:3
LH:3
BRF:0
BRH:0
end_of_record
TN:
SF:src/store/bugs.js
FN:96,(anonymous_0)
FN:99,(anonymous_1)
FN:102,(anonymous_2)
FN:108,(anonymous_3)
FN:110,(anonymous_4)
FN:115,(anonymous_5)
FN:123,(anonymous_6)
FN:124,(anonymous_7)
FN:128,(anonymous_8)
FN:129,(anonymous_9)
FN:150,(anonymous_10)
FN:150,(anonymous_11)
FN:177,(anonymous_12)
FN:184,(anonymous_13)
FN:191,(anonymous_14)
FN:200,(anonymous_15)
FN:204,(anonymous_16)
FN:204,(anonymous_17)
FN:207,(anonymous_18)
FN:209,(anonymous_19)
FN:209,(anonymous_20)
FNF:21
FNH:2
FNDA:0,(anonymous_0)
FNDA:0,(anonymous_1)
FNDA:0,(anonymous_2)
FNDA:0,(anonymous_3)
FNDA:0,(anonymous_4)
FNDA:1,(anonymous_5)
FNDA:0,(anonymous_6)
FNDA:0,(anonymous_7)
FNDA:0,(anonymous_8)
FNDA:0,(anonymous_9)
FNDA:0,(anonymous_10)
FNDA:0,(anonymous_11)
FNDA:2,(anonymous_12)
FNDA:0,(anonymous_13)
FNDA:0,(anonymous_14)
FNDA:0,(anonymous_15)
FNDA:0,(anonymous_16)
FNDA:0,(anonymous_17)
FNDA:0,(anonymous_18)
FNDA:0,(anonymous_19)
FNDA:0,(anonymous_20)
DA:87,1
DA:97,0
DA:100,0
DA:103,0
DA:104,0
DA:105,0
DA:109,0
DA:110,0
DA:111,0
DA:121,1
DA:124,0
DA:129,0
DA:135,1
DA:148,1
DA:150,1
DA:151,0
DA:153,0
DA:154,0
DA:156,0
DA:177,2
DA:184,1
DA:191,1
DA:200,1
DA:202,1
DA:204,0
DA:207,1
DA:209,0
LF:27
LH:11
BRDA:129,0,0,0
BRDA:129,0,1,0
BRDA:154,1,0,0
BRDA:154,1,1,0
BRF:4
BRH:0
end_of_record
TN:
SF:src/store/configureStore.js
FN:12,configureAppStore
FN:17,(anonymous_1)
FNF:2
FNH:2
FNDA:2,configureAppStore
FNDA:2,(anonymous_1)
DA:13,2
DA:17,2
LF:2
LH:2
BRF:0
BRH:0
end_of_record
TN:
SF:src/store/entities.js
FNF:0
FNH:0
LF:0
LH:0
BRF:0
BRH:0
end_of_record
TN:
SF:src/store/projects.js
FN:9,(anonymous_0)
FN:15,(anonymous_1)
FN:16,(anonymous_2)
FNF:3
FNH:0
FNDA:0,(anonymous_0)
FNDA:0,(anonymous_1)
FNDA:0,(anonymous_2)
DA:3,1
DA:5,1
DA:10,0
DA:16,0
DA:21,1
LF:5
LH:3
BRF:0
BRH:0
end_of_record
TN:
SF:src/store/reducer.js
FNF:0
FNH:0
LF:0
LH:0
BRF:0
BRH:0
end_of_record
TN:
SF:src/store/users.js
FN:9,(anonymous_0)
FNF:1
FNH:0
FNDA:0,(anonymous_0)
DA:3,1
DA:5,1
DA:10,0
DA:18,1
LF:4
LH:3
BRF:0
BRH:0
end_of_record
TN:
SF:src/store/middleware/api.js
FN:4,(anonymous_0)
FN:4,(anonymous_1)
FN:4,(anonymous_2)
FNF:3
FNH:3
FNDA:2,(anonymous_0)
FNDA:2,(anonymous_1)
FNDA:5,(anonymous_2)
DA:4,2
DA:5,5
DA:6,2
DA:7,2
DA:8,2
DA:9,2
DA:10,2
DA:17,1
DA:19,1
DA:22,1
DA:24,1
LF:11
LH:11
BRDA:5,0,0,3
BRDA:5,0,1,2
BRDA:7,1,0,0
BRDA:7,1,1,2
BRDA:19,2,0,1
BRDA:19,2,1,0
BRDA:24,3,0,0
BRDA:24,3,1,1
BRF:8
BRH:5
end_of_record
TN:
SF:src/store/middleware/logger.js
FN:3,(anonymous_0)
FN:3,(anonymous_1)
FN:3,(anonymous_2)
FN:3,(anonymous_3)
FNF:4
FNH:4
FNDA:2,(anonymous_0)
FNDA:2,(anonymous_1)
FNDA:2,(anonymous_2)
FNDA:5,(anonymous_3)
DA:3,2
DA:7,5
DA:8,5
LF:3
LH:3
BRF:0
BRH:0
end_of_record
TN:
SF:src/store/middleware/toast.js
FN:1,(anonymous_0)
FN:1,(anonymous_1)
FN:1,(anonymous_2)
FNF:3
FNH:3
FNDA:2,(anonymous_0)
FNDA:2,(anonymous_1)
FNDA:5,(anonymous_2)
DA:1,2
DA:2,5
DA:3,0
DA:5,5
LF:4
LH:3
BRDA:2,0,0,0
BRDA:2,0,1,5
BRF:2
BRH:1
end_of_record
